<?xml version="1.0" encoding="UTF-8"?>
<testng-results skipped="0" failed="0" ignored="0" total="1" passed="1">
  <reporter-output>
  </reporter-output>
  <suite name="Default suite" duration-ms="89" started-at="2018-06-14T15:24:59Z" finished-at="2018-06-14T15:24:59Z">
    <groups>
    </groups>
    <test name="Default test" duration-ms="89" started-at="2018-06-14T15:24:59Z" finished-at="2018-06-14T15:24:59Z">
      <class name="test.Testclass">
        <test-method status="PASS" signature="build()[pri:0, instance:test.Testclass@7f9a81e8]" name="build" duration-ms="15" started-at="2018-06-14T20:54:59Z" finished-at="2018-06-14T20:54:59Z">
          <reporter-output>
          </reporter-output>
        </test-method> <!-- build -->
      </class> <!-- test.Testclass -->
    </test> <!-- Default test -->
  </suite> <!-- Default suite -->
</testng-results>
